{
  "stats": {
    "suites": 1,
    "tests": 1,
    "passes": 1,
    "pending": 0,
    "failures": 0,
    "start": "2020-06-27T18:37:06.937Z",
    "end": "2020-06-27T18:37:50.687Z",
    "duration": 43750,
    "testsRegistered": 1,
    "passPercent": 100,
    "pendingPercent": 0,
    "other": 0,
    "hasOther": false,
    "skipped": 0,
    "hasSkipped": false
  },
  "results": [
    {
      "uuid": "f55293d0-2202-4a09-9de4-3ba6ea8addf8",
      "title": "",
      "fullFile": "cypress\\integration\\mytest\\url.spec.js",
      "file": "cypress\\integration\\mytest\\url.spec.js",
      "beforeHooks": [],
      "afterHooks": [],
      "tests": [],
      "suites": [
        {
          "uuid": "aaefc636-ee51-4a87-adbb-d083f010aca2",
          "title": "launch my app",
          "fullFile": "",
          "file": "",
          "beforeHooks": [],
          "afterHooks": [],
          "tests": [
            {
              "title": "launching my application in cypress",
              "fullTitle": "launch my app launching my application in cypress",
              "timedOut": null,
              "duration": 40613,
              "state": "passed",
              "speed": "slow",
              "pass": true,
              "fail": false,
              "pending": false,
              "context": null,
              "code": "cy.visit('https://www.freshworks.com/');\ncy.contains('Platform');\ncy.contains('Platform').click();\ncy.url().should('include', '/platform');\ncy.contains('Customers').click();\ncy.url().should('include', '/customers');\ncy.wait(1000);\ncy.wait(1000);",
              "err": {},
              "uuid": "3e2a5178-6185-4d61-aac9-9e86e12a798e",
              "parentUUID": "aaefc636-ee51-4a87-adbb-d083f010aca2",
              "isHook": false,
              "skipped": false
            }
          ],
          "suites": [],
          "passes": [
            "3e2a5178-6185-4d61-aac9-9e86e12a798e"
          ],
          "failures": [],
          "pending": [],
          "skipped": [],
          "duration": 40613,
          "root": false,
          "rootEmpty": false,
          "_timeout": 2000
        }
      ],
      "passes": [],
      "failures": [],
      "pending": [],
      "skipped": [],
      "duration": 0,
      "root": true,
      "rootEmpty": true,
      "_timeout": 2000
    }
  ],
  "meta": {
    "mocha": {
      "version": "7.0.1"
    },
    "mochawesome": {
      "options": {
        "quiet": false,
        "reportFilename": "projectreport",
        "saveHtml": false,
        "saveJson": true,
        "consoleReporter": "spec",
        "useInlineDiffs": false,
        "code": true
      },
      "version": "6.1.1"
    },
    "marge": {
      "options": {
        "reportDir": "cypress/report/mochawesome-report",
        "reportFilename": "projectreport",
        "overwrite": "false",
        "html": false,
        "json": true,
        "charts": true,
        "timestamp": "mmddyyyy_HHMMss"
      },
      "version": "5.1.0"
    }
  }
}