{
  "stats": {
    "suites": 1,
    "tests": 1,
    "passes": 1,
    "pending": 0,
    "failures": 0,
    "start": "2020-06-27T18:37:03.174Z",
    "end": "2020-06-27T18:37:03.277Z",
    "duration": 103,
    "testsRegistered": 1,
    "passPercent": 100,
    "pendingPercent": 0,
    "other": 0,
    "hasOther": false,
    "skipped": 0,
    "hasSkipped": false
  },
  "results": [
    {
      "uuid": "7f8cb6e8-2508-4cdd-a314-988704a7c9ed",
      "title": "",
      "fullFile": "cypress\\integration\\mytest\\sample.spec.js",
      "file": "cypress\\integration\\mytest\\sample.spec.js",
      "beforeHooks": [],
      "afterHooks": [],
      "tests": [],
      "suites": [
        {
          "uuid": "0ed420a9-5b80-4c55-88ac-6f03691c3fea",
          "title": "does not match",
          "fullFile": "",
          "file": "",
          "beforeHooks": [],
          "afterHooks": [],
          "tests": [
            {
              "title": "should be true",
              "fullTitle": "does not match should be true",
              "timedOut": null,
              "duration": 60,
              "state": "passed",
              "speed": "medium",
              "pass": true,
              "fail": false,
              "pending": false,
              "context": null,
              "code": "expect(true).to.equal(true);",
              "err": {},
              "uuid": "07382067-4760-4176-82c0-67573fabd31e",
              "parentUUID": "0ed420a9-5b80-4c55-88ac-6f03691c3fea",
              "isHook": false,
              "skipped": false
            }
          ],
          "suites": [],
          "passes": [
            "07382067-4760-4176-82c0-67573fabd31e"
          ],
          "failures": [],
          "pending": [],
          "skipped": [],
          "duration": 60,
          "root": false,
          "rootEmpty": false,
          "_timeout": 2000
        }
      ],
      "passes": [],
      "failures": [],
      "pending": [],
      "skipped": [],
      "duration": 0,
      "root": true,
      "rootEmpty": true,
      "_timeout": 2000
    }
  ],
  "meta": {
    "mocha": {
      "version": "7.0.1"
    },
    "mochawesome": {
      "options": {
        "quiet": false,
        "reportFilename": "projectreport",
        "saveHtml": false,
        "saveJson": true,
        "consoleReporter": "spec",
        "useInlineDiffs": false,
        "code": true
      },
      "version": "6.1.1"
    },
    "marge": {
      "options": {
        "reportDir": "cypress/report/mochawesome-report",
        "reportFilename": "projectreport",
        "overwrite": "false",
        "html": false,
        "json": true,
        "charts": true,
        "timestamp": "mmddyyyy_HHMMss"
      },
      "version": "5.1.0"
    }
  }
}